<?xml version="1.0" encoding="UTF-8"?>
<testsuite xmlns:xsi="http://www.w3.org/2001/XMLSchema-instance" xsi:noNamespaceSchemaLocation="https://maven.apache.org/surefire/maven-surefire-plugin/xsd/surefire-test-report.xsd" name="org.jmg.toukiapi.testingrestdocs.ObryanSoftwareTest" time="24.34" tests="2" errors="0" skipped="0" failures="0">
  <properties>
    <property name="java.specification.version" value="13"/>
    <property name="sun.cpu.isalist" value="amd64"/>
    <property name="sun.jnu.encoding" value="Cp1252"/>
    <property name="java.class.path" value="C:\Users\souleymane.mbaye\Documents\DEV\PROJETS\MINE\TEST\toukiApi\target\test-classes;C:\Users\souleymane.mbaye\Documents\DEV\PROJETS\MINE\TEST\toukiApi\target\classes;C:\Users\souleymane.mbaye\.m2\repository\org\springframework\cloud\spring-cloud-starter-gateway\3.0.0-M5\spring-cloud-starter-gateway-3.0.0-M5.jar;C:\Users\souleymane.mbaye\.m2\repository\org\springframework\cloud\spring-cloud-starter\3.0.0-M5\spring-cloud-starter-3.0.0-M5.jar;C:\Users\souleymane.mbaye\.m2\repository\org\springframework\cloud\spring-cloud-context\3.0.0-M5\spring-cloud-context-3.0.0-M5.jar;C:\Users\souleymane.mbaye\.m2\repository\org\springframework\security\spring-security-crypto\5.4.1\spring-security-crypto-5.4.1.jar;C:\Users\souleymane.mbaye\.m2\repository\org\springframework\cloud\spring-cloud-commons\3.0.0-M5\spring-cloud-commons-3.0.0-M5.jar;C:\Users\souleymane.mbaye\.m2\repository\org\springframework\security\spring-security-rsa\1.0.9.RELEASE\spring-security-rsa-1.0.9.RELEASE.jar;C:\Users\souleymane.mbaye\.m2\repository\org\bouncycastle\bcpkix-jdk15on\1.64\bcpkix-jdk15on-1.64.jar;C:\Users\souleymane.mbaye\.m2\repository\org\bouncycastle\bcprov-jdk15on\1.64\bcprov-jdk15on-1.64.jar;C:\Users\souleymane.mbaye\.m2\repository\org\springframework\cloud\spring-cloud-gateway-server\3.0.0-M5\spring-cloud-gateway-server-3.0.0-M5.jar;C:\Users\souleymane.mbaye\.m2\repository\org\springframework\boot\spring-boot-starter-validation\2.4.0\spring-boot-starter-validation-2.4.0.jar;C:\Users\souleymane.mbaye\.m2\repository\org\glassfish\jakarta.el\3.0.3\jakarta.el-3.0.3.jar;C:\Users\souleymane.mbaye\.m2\repository\org\hibernate\validator\hibernate-validator\6.1.6.Final\hibernate-validator-6.1.6.Final.jar;C:\Users\souleymane.mbaye\.m2\repository\jakarta\validation\jakarta.validation-api\2.0.2\jakarta.validation-api-2.0.2.jar;C:\Users\souleymane.mbaye\.m2\repository\org\jboss\logging\jboss-logging\3.4.1.Final\jboss-logging-3.4.1.Final.jar;C:\Users\souleymane.mbaye\.m2\repository\com\fasterxml\classmate\1.5.1\classmate-1.5.1.jar;C:\Users\souleymane.mbaye\.m2\repository\io\projectreactor\addons\reactor-extra\3.4.0\reactor-extra-3.4.0.jar;C:\Users\souleymane.mbaye\.m2\repository\org\springframework\boot\spring-boot-starter-webflux\2.4.0\spring-boot-starter-webflux-2.4.0.jar;C:\Users\souleymane.mbaye\.m2\repository\org\springframework\boot\spring-boot-starter-json\2.4.0\spring-boot-starter-json-2.4.0.jar;C:\Users\souleymane.mbaye\.m2\repository\com\fasterxml\jackson\datatype\jackson-datatype-jdk8\2.11.3\jackson-datatype-jdk8-2.11.3.jar;C:\Users\souleymane.mbaye\.m2\repository\com\fasterxml\jackson\datatype\jackson-datatype-jsr310\2.11.3\jackson-datatype-jsr310-2.11.3.jar;C:\Users\souleymane.mbaye\.m2\repository\com\fasterxml\jackson\module\jackson-module-parameter-names\2.11.3\jackson-module-parameter-names-2.11.3.jar;C:\Users\souleymane.mbaye\.m2\repository\org\springframework\boot\spring-boot-starter-reactor-netty\2.4.0\spring-boot-starter-reactor-netty-2.4.0.jar;C:\Users\souleymane.mbaye\.m2\repository\io\projectreactor\netty\reactor-netty-http\1.0.1\reactor-netty-http-1.0.1.jar;C:\Users\souleymane.mbaye\.m2\repository\io\netty\netty-codec-http\4.1.54.Final\netty-codec-http-4.1.54.Final.jar;C:\Users\souleymane.mbaye\.m2\repository\io\netty\netty-common\4.1.54.Final\netty-common-4.1.54.Final.jar;C:\Users\souleymane.mbaye\.m2\repository\io\netty\netty-buffer\4.1.54.Final\netty-buffer-4.1.54.Final.jar;C:\Users\souleymane.mbaye\.m2\repository\io\netty\netty-transport\4.1.54.Final\netty-transport-4.1.54.Final.jar;C:\Users\souleymane.mbaye\.m2\repository\io\netty\netty-codec\4.1.54.Final\netty-codec-4.1.54.Final.jar;C:\Users\souleymane.mbaye\.m2\repository\io\netty\netty-handler\4.1.54.Final\netty-handler-4.1.54.Final.jar;C:\Users\souleymane.mbaye\.m2\repository\io\netty\netty-codec-http2\4.1.54.Final\netty-codec-http2-4.1.54.Final.jar;C:\Users\souleymane.mbaye\.m2\repository\io\netty\netty-resolver-dns\4.1.54.Final\netty-resolver-dns-4.1.54.Final.jar;C:\Users\souleymane.mbaye\.m2\repository\io\netty\netty-resolver\4.1.54.Final\netty-resolver-4.1.54.Final.jar;C:\Users\souleymane.mbaye\.m2\repository\io\netty\netty-codec-dns\4.1.54.Final\netty-codec-dns-4.1.54.Final.jar;C:\Users\souleymane.mbaye\.m2\repository\io\netty\netty-transport-native-epoll\4.1.54.Final\netty-transport-native-epoll-4.1.54.Final-linux-x86_64.jar;C:\Users\souleymane.mbaye\.m2\repository\io\netty\netty-transport-native-unix-common\4.1.54.Final\netty-transport-native-unix-common-4.1.54.Final.jar;C:\Users\souleymane.mbaye\.m2\repository\io\projectreactor\netty\reactor-netty-core\1.0.1\reactor-netty-core-1.0.1.jar;C:\Users\souleymane.mbaye\.m2\repository\io\netty\netty-handler-proxy\4.1.54.Final\netty-handler-proxy-4.1.54.Final.jar;C:\Users\souleymane.mbaye\.m2\repository\io\netty\netty-codec-socks\4.1.54.Final\netty-codec-socks-4.1.54.Final.jar;C:\Users\souleymane.mbaye\.m2\repository\org\springframework\spring-web\5.3.1\spring-web-5.3.1.jar;C:\Users\souleymane.mbaye\.m2\repository\org\springframework\cloud\spring-cloud-starter-netflix-eureka-client\3.0.0-M5\spring-cloud-starter-netflix-eureka-client-3.0.0-M5.jar;C:\Users\souleymane.mbaye\.m2\repository\org\springframework\cloud\spring-cloud-netflix-eureka-client\3.0.0-M5\spring-cloud-netflix-eureka-client-3.0.0-M5.jar;C:\Users\souleymane.mbaye\.m2\repository\com\netflix\eureka\eureka-client\1.10.7\eureka-client-1.10.7.jar;C:\Users\souleymane.mbaye\.m2\repository\com\netflix\netflix-commons\netflix-eventbus\0.3.0\netflix-eventbus-0.3.0.jar;C:\Users\souleymane.mbaye\.m2\repository\com\netflix\netflix-commons\netflix-infix\0.3.0\netflix-infix-0.3.0.jar;C:\Users\souleymane.mbaye\.m2\repository\commons-jxpath\commons-jxpath\1.3\commons-jxpath-1.3.jar;C:\Users\souleymane.mbaye\.m2\repository\joda-time\joda-time\2.3\joda-time-2.3.jar;C:\Users\souleymane.mbaye\.m2\repository\org\antlr\antlr-runtime\3.4\antlr-runtime-3.4.jar;C:\Users\souleymane.mbaye\.m2\repository\org\antlr\stringtemplate\3.2.1\stringtemplate-3.2.1.jar;C:\Users\souleymane.mbaye\.m2\repository\antlr\antlr\2.7.7\antlr-2.7.7.jar;C:\Users\souleymane.mbaye\.m2\repository\com\google\code\gson\gson\2.8.6\gson-2.8.6.jar;C:\Users\souleymane.mbaye\.m2\repository\org\apache\commons\commons-math\2.2\commons-math-2.2.jar;C:\Users\souleymane.mbaye\.m2\repository\javax\ws\rs\jsr311-api\1.1.1\jsr311-api-1.1.1.jar;C:\Users\souleymane.mbaye\.m2\repository\com\netflix\servo\servo-core\0.12.21\servo-core-0.12.21.jar;C:\Users\souleymane.mbaye\.m2\repository\com\google\guava\guava\19.0\guava-19.0.jar;C:\Users\souleymane.mbaye\.m2\repository\org\apache\httpcomponents\httpclient\4.5.13\httpclient-4.5.13.jar;C:\Users\souleymane.mbaye\.m2\repository\org\apache\httpcomponents\httpcore\4.4.13\httpcore-4.4.13.jar;C:\Users\souleymane.mbaye\.m2\repository\commons-codec\commons-codec\1.15\commons-codec-1.15.jar;C:\Users\souleymane.mbaye\.m2\repository\commons-configuration\commons-configuration\1.10\commons-configuration-1.10.jar;C:\Users\souleymane.mbaye\.m2\repository\commons-lang\commons-lang\2.6\commons-lang-2.6.jar;C:\Users\souleymane.mbaye\.m2\repository\com\google\inject\guice\4.1.0\guice-4.1.0.jar;C:\Users\souleymane.mbaye\.m2\repository\javax\inject\javax.inject\1\javax.inject-1.jar;C:\Users\souleymane.mbaye\.m2\repository\aopalliance\aopalliance\1.0\aopalliance-1.0.jar;C:\Users\souleymane.mbaye\.m2\repository\com\fasterxml\jackson\core\jackson-annotations\2.11.3\jackson-annotations-2.11.3.jar;C:\Users\souleymane.mbaye\.m2\repository\com\fasterxml\jackson\core\jackson-core\2.11.3\jackson-core-2.11.3.jar;C:\Users\souleymane.mbaye\.m2\repository\com\fasterxml\jackson\core\jackson-databind\2.11.3\jackson-databind-2.11.3.jar;C:\Users\souleymane.mbaye\.m2\repository\org\codehaus\jettison\jettison\1.3.7\jettison-1.3.7.jar;C:\Users\souleymane.mbaye\.m2\repository\stax\stax-api\1.0.1\stax-api-1.0.1.jar;C:\Users\souleymane.mbaye\.m2\repository\com\netflix\eureka\eureka-core\1.10.7\eureka-core-1.10.7.jar;C:\Users\souleymane.mbaye\.m2\repository\com\fasterxml\woodstox\woodstox-core\5.3.0\woodstox-core-5.3.0.jar;C:\Users\souleymane.mbaye\.m2\repository\org\codehaus\woodstox\stax2-api\4.2\stax2-api-4.2.jar;C:\Users\souleymane.mbaye\.m2\repository\org\springframework\cloud\spring-cloud-starter-loadbalancer\3.0.0-M5\spring-cloud-starter-loadbalancer-3.0.0-M5.jar;C:\Users\souleymane.mbaye\.m2\repository\org\springframework\cloud\spring-cloud-loadbalancer\3.0.0-M5\spring-cloud-loadbalancer-3.0.0-M5.jar;C:\Users\souleymane.mbaye\.m2\repository\org\springframework\boot\spring-boot-starter-cache\2.4.0\spring-boot-starter-cache-2.4.0.jar;C:\Users\souleymane.mbaye\.m2\repository\org\springframework\spring-context-support\5.3.1\spring-context-support-5.3.1.jar;C:\Users\souleymane.mbaye\.m2\repository\com\stoyanr\evictor\1.0.0\evictor-1.0.0.jar;C:\Users\souleymane.mbaye\.m2\repository\com\thoughtworks\xstream\xstream\1.4.13\xstream-1.4.13.jar;C:\Users\souleymane.mbaye\.m2\repository\xmlpull\xmlpull\1.1.3.1\xmlpull-1.1.3.1.jar;C:\Users\souleymane.mbaye\.m2\repository\xpp3\xpp3_min\1.1.4c\xpp3_min-1.1.4c.jar;C:\Users\souleymane.mbaye\.m2\repository\org\springframework\boot\spring-boot-devtools\2.4.0\spring-boot-devtools-2.4.0.jar;C:\Users\souleymane.mbaye\.m2\repository\org\springframework\boot\spring-boot\2.4.0\spring-boot-2.4.0.jar;C:\Users\souleymane.mbaye\.m2\repository\org\springframework\spring-context\5.3.1\spring-context-5.3.1.jar;C:\Users\souleymane.mbaye\.m2\repository\org\springframework\spring-aop\5.3.1\spring-aop-5.3.1.jar;C:\Users\souleymane.mbaye\.m2\repository\org\springframework\spring-expression\5.3.1\spring-expression-5.3.1.jar;C:\Users\souleymane.mbaye\.m2\repository\org\springframework\boot\spring-boot-autoconfigure\2.4.0\spring-boot-autoconfigure-2.4.0.jar;C:\Users\souleymane.mbaye\.m2\repository\org\springframework\boot\spring-boot-starter-test\2.4.0\spring-boot-starter-test-2.4.0.jar;C:\Users\souleymane.mbaye\.m2\repository\org\springframework\boot\spring-boot-starter\2.4.0\spring-boot-starter-2.4.0.jar;C:\Users\souleymane.mbaye\.m2\repository\org\springframework\boot\spring-boot-starter-logging\2.4.0\spring-boot-starter-logging-2.4.0.jar;C:\Users\souleymane.mbaye\.m2\repository\ch\qos\logback\logback-classic\1.2.3\logback-classic-1.2.3.jar;C:\Users\souleymane.mbaye\.m2\repository\ch\qos\logback\logback-core\1.2.3\logback-core-1.2.3.jar;C:\Users\souleymane.mbaye\.m2\repository\org\apache\logging\log4j\log4j-to-slf4j\2.13.3\log4j-to-slf4j-2.13.3.jar;C:\Users\souleymane.mbaye\.m2\repository\org\apache\logging\log4j\log4j-api\2.13.3\log4j-api-2.13.3.jar;C:\Users\souleymane.mbaye\.m2\repository\org\slf4j\jul-to-slf4j\1.7.30\jul-to-slf4j-1.7.30.jar;C:\Users\souleymane.mbaye\.m2\repository\jakarta\annotation\jakarta.annotation-api\1.3.5\jakarta.annotation-api-1.3.5.jar;C:\Users\souleymane.mbaye\.m2\repository\org\yaml\snakeyaml\1.27\snakeyaml-1.27.jar;C:\Users\souleymane.mbaye\.m2\repository\org\springframework\boot\spring-boot-test\2.4.0\spring-boot-test-2.4.0.jar;C:\Users\souleymane.mbaye\.m2\repository\org\springframework\boot\spring-boot-test-autoconfigure\2.4.0\spring-boot-test-autoconfigure-2.4.0.jar;C:\Users\souleymane.mbaye\.m2\repository\com\jayway\jsonpath\json-path\2.4.0\json-path-2.4.0.jar;C:\Users\souleymane.mbaye\.m2\repository\net\minidev\json-smart\2.3\json-smart-2.3.jar;C:\Users\souleymane.mbaye\.m2\repository\net\minidev\accessors-smart\1.2\accessors-smart-1.2.jar;C:\Users\souleymane.mbaye\.m2\repository\org\ow2\asm\asm\5.0.4\asm-5.0.4.jar;C:\Users\souleymane.mbaye\.m2\repository\org\slf4j\slf4j-api\1.7.30\slf4j-api-1.7.30.jar;C:\Users\souleymane.mbaye\.m2\repository\jakarta\xml\bind\jakarta.xml.bind-api\2.3.3\jakarta.xml.bind-api-2.3.3.jar;C:\Users\souleymane.mbaye\.m2\repository\jakarta\activation\jakarta.activation-api\1.2.2\jakarta.activation-api-1.2.2.jar;C:\Users\souleymane.mbaye\.m2\repository\org\assertj\assertj-core\3.18.1\assertj-core-3.18.1.jar;C:\Users\souleymane.mbaye\.m2\repository\org\hamcrest\hamcrest\2.2\hamcrest-2.2.jar;C:\Users\souleymane.mbaye\.m2\repository\org\junit\jupiter\junit-jupiter\5.7.0\junit-jupiter-5.7.0.jar;C:\Users\souleymane.mbaye\.m2\repository\org\junit\jupiter\junit-jupiter-api\5.7.0\junit-jupiter-api-5.7.0.jar;C:\Users\souleymane.mbaye\.m2\repository\org\apiguardian\apiguardian-api\1.1.0\apiguardian-api-1.1.0.jar;C:\Users\souleymane.mbaye\.m2\repository\org\opentest4j\opentest4j\1.2.0\opentest4j-1.2.0.jar;C:\Users\souleymane.mbaye\.m2\repository\org\junit\platform\junit-platform-commons\1.7.0\junit-platform-commons-1.7.0.jar;C:\Users\souleymane.mbaye\.m2\repository\org\junit\jupiter\junit-jupiter-params\5.7.0\junit-jupiter-params-5.7.0.jar;C:\Users\souleymane.mbaye\.m2\repository\org\junit\jupiter\junit-jupiter-engine\5.7.0\junit-jupiter-engine-5.7.0.jar;C:\Users\souleymane.mbaye\.m2\repository\org\junit\platform\junit-platform-engine\1.7.0\junit-platform-engine-1.7.0.jar;C:\Users\souleymane.mbaye\.m2\repository\org\mockito\mockito-core\3.6.0\mockito-core-3.6.0.jar;C:\Users\souleymane.mbaye\.m2\repository\net\bytebuddy\byte-buddy\1.10.18\byte-buddy-1.10.18.jar;C:\Users\souleymane.mbaye\.m2\repository\net\bytebuddy\byte-buddy-agent\1.10.18\byte-buddy-agent-1.10.18.jar;C:\Users\souleymane.mbaye\.m2\repository\org\objenesis\objenesis\3.1\objenesis-3.1.jar;C:\Users\souleymane.mbaye\.m2\repository\org\mockito\mockito-junit-jupiter\3.6.0\mockito-junit-jupiter-3.6.0.jar;C:\Users\souleymane.mbaye\.m2\repository\org\skyscreamer\jsonassert\1.5.0\jsonassert-1.5.0.jar;C:\Users\souleymane.mbaye\.m2\repository\com\vaadin\external\google\android-json\0.0.20131108.vaadin1\android-json-0.0.20131108.vaadin1.jar;C:\Users\souleymane.mbaye\.m2\repository\org\springframework\spring-core\5.3.1\spring-core-5.3.1.jar;C:\Users\souleymane.mbaye\.m2\repository\org\springframework\spring-jcl\5.3.1\spring-jcl-5.3.1.jar;C:\Users\souleymane.mbaye\.m2\repository\org\springframework\spring-test\5.3.1\spring-test-5.3.1.jar;C:\Users\souleymane.mbaye\.m2\repository\org\xmlunit\xmlunit-core\2.7.0\xmlunit-core-2.7.0.jar;C:\Users\souleymane.mbaye\.m2\repository\org\springframework\restdocs\spring-restdocs-webtestclient\2.0.5.RELEASE\spring-restdocs-webtestclient-2.0.5.RELEASE.jar;C:\Users\souleymane.mbaye\.m2\repository\org\springframework\spring-webflux\5.3.1\spring-webflux-5.3.1.jar;C:\Users\souleymane.mbaye\.m2\repository\org\springframework\spring-beans\5.3.1\spring-beans-5.3.1.jar;C:\Users\souleymane.mbaye\.m2\repository\io\projectreactor\reactor-core\3.4.0\reactor-core-3.4.0.jar;C:\Users\souleymane.mbaye\.m2\repository\org\reactivestreams\reactive-streams\1.0.3\reactive-streams-1.0.3.jar;C:\Users\souleymane.mbaye\.m2\repository\org\springframework\restdocs\spring-restdocs-core\2.0.5.RELEASE\spring-restdocs-core-2.0.5.RELEASE.jar;C:\Users\souleymane.mbaye\.m2\repository\junit\junit\4.13.1\junit-4.13.1.jar;C:\Users\souleymane.mbaye\.m2\repository\org\hamcrest\hamcrest-core\2.2\hamcrest-core-2.2.jar;"/>
    <property name="java.vm.vendor" value="Oracle Corporation"/>
    <property name="sun.arch.data.model" value="64"/>
    <property name="user.variant" value=""/>
    <property name="java.vendor.url" value="https://java.oracle.com/"/>
    <property name="user.timezone" value="Africa/Dakar"/>
    <property name="os.name" value="Windows 10"/>
    <property name="java.vm.specification.version" value="13"/>
    <property name="sun.java.launcher" value="SUN_STANDARD"/>
    <property name="user.country" value="SN"/>
    <property name="sun.boot.library.path" value="C:\Program Files\Java\jdk-13.0.1\bin"/>
    <property name="sun.java.command" value="C:\Users\SOULEY~1.MBA\AppData\Local\Temp\surefire11180295018569678178\surefirebooter7141851534065594692.jar C:\Users\souleymane.mbaye\AppData\Local\Temp\surefire11180295018569678178 2020-11-30T19-08-35_473-jvmRun1 surefire6289445448574025383tmp surefire_01449750506878289435tmp"/>
    <property name="jdk.debug" value="release"/>
    <property name="surefire.test.class.path" value="C:\Users\souleymane.mbaye\Documents\DEV\PROJETS\MINE\TEST\toukiApi\target\test-classes;C:\Users\souleymane.mbaye\Documents\DEV\PROJETS\MINE\TEST\toukiApi\target\classes;C:\Users\souleymane.mbaye\.m2\repository\org\springframework\cloud\spring-cloud-starter-gateway\3.0.0-M5\spring-cloud-starter-gateway-3.0.0-M5.jar;C:\Users\souleymane.mbaye\.m2\repository\org\springframework\cloud\spring-cloud-starter\3.0.0-M5\spring-cloud-starter-3.0.0-M5.jar;C:\Users\souleymane.mbaye\.m2\repository\org\springframework\cloud\spring-cloud-context\3.0.0-M5\spring-cloud-context-3.0.0-M5.jar;C:\Users\souleymane.mbaye\.m2\repository\org\springframework\security\spring-security-crypto\5.4.1\spring-security-crypto-5.4.1.jar;C:\Users\souleymane.mbaye\.m2\repository\org\springframework\cloud\spring-cloud-commons\3.0.0-M5\spring-cloud-commons-3.0.0-M5.jar;C:\Users\souleymane.mbaye\.m2\repository\org\springframework\security\spring-security-rsa\1.0.9.RELEASE\spring-security-rsa-1.0.9.RELEASE.jar;C:\Users\souleymane.mbaye\.m2\repository\org\bouncycastle\bcpkix-jdk15on\1.64\bcpkix-jdk15on-1.64.jar;C:\Users\souleymane.mbaye\.m2\repository\org\bouncycastle\bcprov-jdk15on\1.64\bcprov-jdk15on-1.64.jar;C:\Users\souleymane.mbaye\.m2\repository\org\springframework\cloud\spring-cloud-gateway-server\3.0.0-M5\spring-cloud-gateway-server-3.0.0-M5.jar;C:\Users\souleymane.mbaye\.m2\repository\org\springframework\boot\spring-boot-starter-validation\2.4.0\spring-boot-starter-validation-2.4.0.jar;C:\Users\souleymane.mbaye\.m2\repository\org\glassfish\jakarta.el\3.0.3\jakarta.el-3.0.3.jar;C:\Users\souleymane.mbaye\.m2\repository\org\hibernate\validator\hibernate-validator\6.1.6.Final\hibernate-validator-6.1.6.Final.jar;C:\Users\souleymane.mbaye\.m2\repository\jakarta\validation\jakarta.validation-api\2.0.2\jakarta.validation-api-2.0.2.jar;C:\Users\souleymane.mbaye\.m2\repository\org\jboss\logging\jboss-logging\3.4.1.Final\jboss-logging-3.4.1.Final.jar;C:\Users\souleymane.mbaye\.m2\repository\com\fasterxml\classmate\1.5.1\classmate-1.5.1.jar;C:\Users\souleymane.mbaye\.m2\repository\io\projectreactor\addons\reactor-extra\3.4.0\reactor-extra-3.4.0.jar;C:\Users\souleymane.mbaye\.m2\repository\org\springframework\boot\spring-boot-starter-webflux\2.4.0\spring-boot-starter-webflux-2.4.0.jar;C:\Users\souleymane.mbaye\.m2\repository\org\springframework\boot\spring-boot-starter-json\2.4.0\spring-boot-starter-json-2.4.0.jar;C:\Users\souleymane.mbaye\.m2\repository\com\fasterxml\jackson\datatype\jackson-datatype-jdk8\2.11.3\jackson-datatype-jdk8-2.11.3.jar;C:\Users\souleymane.mbaye\.m2\repository\com\fasterxml\jackson\datatype\jackson-datatype-jsr310\2.11.3\jackson-datatype-jsr310-2.11.3.jar;C:\Users\souleymane.mbaye\.m2\repository\com\fasterxml\jackson\module\jackson-module-parameter-names\2.11.3\jackson-module-parameter-names-2.11.3.jar;C:\Users\souleymane.mbaye\.m2\repository\org\springframework\boot\spring-boot-starter-reactor-netty\2.4.0\spring-boot-starter-reactor-netty-2.4.0.jar;C:\Users\souleymane.mbaye\.m2\repository\io\projectreactor\netty\reactor-netty-http\1.0.1\reactor-netty-http-1.0.1.jar;C:\Users\souleymane.mbaye\.m2\repository\io\netty\netty-codec-http\4.1.54.Final\netty-codec-http-4.1.54.Final.jar;C:\Users\souleymane.mbaye\.m2\repository\io\netty\netty-common\4.1.54.Final\netty-common-4.1.54.Final.jar;C:\Users\souleymane.mbaye\.m2\repository\io\netty\netty-buffer\4.1.54.Final\netty-buffer-4.1.54.Final.jar;C:\Users\souleymane.mbaye\.m2\repository\io\netty\netty-transport\4.1.54.Final\netty-transport-4.1.54.Final.jar;C:\Users\souleymane.mbaye\.m2\repository\io\netty\netty-codec\4.1.54.Final\netty-codec-4.1.54.Final.jar;C:\Users\souleymane.mbaye\.m2\repository\io\netty\netty-handler\4.1.54.Final\netty-handler-4.1.54.Final.jar;C:\Users\souleymane.mbaye\.m2\repository\io\netty\netty-codec-http2\4.1.54.Final\netty-codec-http2-4.1.54.Final.jar;C:\Users\souleymane.mbaye\.m2\repository\io\netty\netty-resolver-dns\4.1.54.Final\netty-resolver-dns-4.1.54.Final.jar;C:\Users\souleymane.mbaye\.m2\repository\io\netty\netty-resolver\4.1.54.Final\netty-resolver-4.1.54.Final.jar;C:\Users\souleymane.mbaye\.m2\repository\io\netty\netty-codec-dns\4.1.54.Final\netty-codec-dns-4.1.54.Final.jar;C:\Users\souleymane.mbaye\.m2\repository\io\netty\netty-transport-native-epoll\4.1.54.Final\netty-transport-native-epoll-4.1.54.Final-linux-x86_64.jar;C:\Users\souleymane.mbaye\.m2\repository\io\netty\netty-transport-native-unix-common\4.1.54.Final\netty-transport-native-unix-common-4.1.54.Final.jar;C:\Users\souleymane.mbaye\.m2\repository\io\projectreactor\netty\reactor-netty-core\1.0.1\reactor-netty-core-1.0.1.jar;C:\Users\souleymane.mbaye\.m2\repository\io\netty\netty-handler-proxy\4.1.54.Final\netty-handler-proxy-4.1.54.Final.jar;C:\Users\souleymane.mbaye\.m2\repository\io\netty\netty-codec-socks\4.1.54.Final\netty-codec-socks-4.1.54.Final.jar;C:\Users\souleymane.mbaye\.m2\repository\org\springframework\spring-web\5.3.1\spring-web-5.3.1.jar;C:\Users\souleymane.mbaye\.m2\repository\org\springframework\cloud\spring-cloud-starter-netflix-eureka-client\3.0.0-M5\spring-cloud-starter-netflix-eureka-client-3.0.0-M5.jar;C:\Users\souleymane.mbaye\.m2\repository\org\springframework\cloud\spring-cloud-netflix-eureka-client\3.0.0-M5\spring-cloud-netflix-eureka-client-3.0.0-M5.jar;C:\Users\souleymane.mbaye\.m2\repository\com\netflix\eureka\eureka-client\1.10.7\eureka-client-1.10.7.jar;C:\Users\souleymane.mbaye\.m2\repository\com\netflix\netflix-commons\netflix-eventbus\0.3.0\netflix-eventbus-0.3.0.jar;C:\Users\souleymane.mbaye\.m2\repository\com\netflix\netflix-commons\netflix-infix\0.3.0\netflix-infix-0.3.0.jar;C:\Users\souleymane.mbaye\.m2\repository\commons-jxpath\commons-jxpath\1.3\commons-jxpath-1.3.jar;C:\Users\souleymane.mbaye\.m2\repository\joda-time\joda-time\2.3\joda-time-2.3.jar;C:\Users\souleymane.mbaye\.m2\repository\org\antlr\antlr-runtime\3.4\antlr-runtime-3.4.jar;C:\Users\souleymane.mbaye\.m2\repository\org\antlr\stringtemplate\3.2.1\stringtemplate-3.2.1.jar;C:\Users\souleymane.mbaye\.m2\repository\antlr\antlr\2.7.7\antlr-2.7.7.jar;C:\Users\souleymane.mbaye\.m2\repository\com\google\code\gson\gson\2.8.6\gson-2.8.6.jar;C:\Users\souleymane.mbaye\.m2\repository\org\apache\commons\commons-math\2.2\commons-math-2.2.jar;C:\Users\souleymane.mbaye\.m2\repository\javax\ws\rs\jsr311-api\1.1.1\jsr311-api-1.1.1.jar;C:\Users\souleymane.mbaye\.m2\repository\com\netflix\servo\servo-core\0.12.21\servo-core-0.12.21.jar;C:\Users\souleymane.mbaye\.m2\repository\com\google\guava\guava\19.0\guava-19.0.jar;C:\Users\souleymane.mbaye\.m2\repository\org\apache\httpcomponents\httpclient\4.5.13\httpclient-4.5.13.jar;C:\Users\souleymane.mbaye\.m2\repository\org\apache\httpcomponents\httpcore\4.4.13\httpcore-4.4.13.jar;C:\Users\souleymane.mbaye\.m2\repository\commons-codec\commons-codec\1.15\commons-codec-1.15.jar;C:\Users\souleymane.mbaye\.m2\repository\commons-configuration\commons-configuration\1.10\commons-configuration-1.10.jar;C:\Users\souleymane.mbaye\.m2\repository\commons-lang\commons-lang\2.6\commons-lang-2.6.jar;C:\Users\souleymane.mbaye\.m2\repository\com\google\inject\guice\4.1.0\guice-4.1.0.jar;C:\Users\souleymane.mbaye\.m2\repository\javax\inject\javax.inject\1\javax.inject-1.jar;C:\Users\souleymane.mbaye\.m2\repository\aopalliance\aopalliance\1.0\aopalliance-1.0.jar;C:\Users\souleymane.mbaye\.m2\repository\com\fasterxml\jackson\core\jackson-annotations\2.11.3\jackson-annotations-2.11.3.jar;C:\Users\souleymane.mbaye\.m2\repository\com\fasterxml\jackson\core\jackson-core\2.11.3\jackson-core-2.11.3.jar;C:\Users\souleymane.mbaye\.m2\repository\com\fasterxml\jackson\core\jackson-databind\2.11.3\jackson-databind-2.11.3.jar;C:\Users\souleymane.mbaye\.m2\repository\org\codehaus\jettison\jettison\1.3.7\jettison-1.3.7.jar;C:\Users\souleymane.mbaye\.m2\repository\stax\stax-api\1.0.1\stax-api-1.0.1.jar;C:\Users\souleymane.mbaye\.m2\repository\com\netflix\eureka\eureka-core\1.10.7\eureka-core-1.10.7.jar;C:\Users\souleymane.mbaye\.m2\repository\com\fasterxml\woodstox\woodstox-core\5.3.0\woodstox-core-5.3.0.jar;C:\Users\souleymane.mbaye\.m2\repository\org\codehaus\woodstox\stax2-api\4.2\stax2-api-4.2.jar;C:\Users\souleymane.mbaye\.m2\repository\org\springframework\cloud\spring-cloud-starter-loadbalancer\3.0.0-M5\spring-cloud-starter-loadbalancer-3.0.0-M5.jar;C:\Users\souleymane.mbaye\.m2\repository\org\springframework\cloud\spring-cloud-loadbalancer\3.0.0-M5\spring-cloud-loadbalancer-3.0.0-M5.jar;C:\Users\souleymane.mbaye\.m2\repository\org\springframework\boot\spring-boot-starter-cache\2.4.0\spring-boot-starter-cache-2.4.0.jar;C:\Users\souleymane.mbaye\.m2\repository\org\springframework\spring-context-support\5.3.1\spring-context-support-5.3.1.jar;C:\Users\souleymane.mbaye\.m2\repository\com\stoyanr\evictor\1.0.0\evictor-1.0.0.jar;C:\Users\souleymane.mbaye\.m2\repository\com\thoughtworks\xstream\xstream\1.4.13\xstream-1.4.13.jar;C:\Users\souleymane.mbaye\.m2\repository\xmlpull\xmlpull\1.1.3.1\xmlpull-1.1.3.1.jar;C:\Users\souleymane.mbaye\.m2\repository\xpp3\xpp3_min\1.1.4c\xpp3_min-1.1.4c.jar;C:\Users\souleymane.mbaye\.m2\repository\org\springframework\boot\spring-boot-devtools\2.4.0\spring-boot-devtools-2.4.0.jar;C:\Users\souleymane.mbaye\.m2\repository\org\springframework\boot\spring-boot\2.4.0\spring-boot-2.4.0.jar;C:\Users\souleymane.mbaye\.m2\repository\org\springframework\spring-context\5.3.1\spring-context-5.3.1.jar;C:\Users\souleymane.mbaye\.m2\repository\org\springframework\spring-aop\5.3.1\spring-aop-5.3.1.jar;C:\Users\souleymane.mbaye\.m2\repository\org\springframework\spring-expression\5.3.1\spring-expression-5.3.1.jar;C:\Users\souleymane.mbaye\.m2\repository\org\springframework\boot\spring-boot-autoconfigure\2.4.0\spring-boot-autoconfigure-2.4.0.jar;C:\Users\souleymane.mbaye\.m2\repository\org\springframework\boot\spring-boot-starter-test\2.4.0\spring-boot-starter-test-2.4.0.jar;C:\Users\souleymane.mbaye\.m2\repository\org\springframework\boot\spring-boot-starter\2.4.0\spring-boot-starter-2.4.0.jar;C:\Users\souleymane.mbaye\.m2\repository\org\springframework\boot\spring-boot-starter-logging\2.4.0\spring-boot-starter-logging-2.4.0.jar;C:\Users\souleymane.mbaye\.m2\repository\ch\qos\logback\logback-classic\1.2.3\logback-classic-1.2.3.jar;C:\Users\souleymane.mbaye\.m2\repository\ch\qos\logback\logback-core\1.2.3\logback-core-1.2.3.jar;C:\Users\souleymane.mbaye\.m2\repository\org\apache\logging\log4j\log4j-to-slf4j\2.13.3\log4j-to-slf4j-2.13.3.jar;C:\Users\souleymane.mbaye\.m2\repository\org\apache\logging\log4j\log4j-api\2.13.3\log4j-api-2.13.3.jar;C:\Users\souleymane.mbaye\.m2\repository\org\slf4j\jul-to-slf4j\1.7.30\jul-to-slf4j-1.7.30.jar;C:\Users\souleymane.mbaye\.m2\repository\jakarta\annotation\jakarta.annotation-api\1.3.5\jakarta.annotation-api-1.3.5.jar;C:\Users\souleymane.mbaye\.m2\repository\org\yaml\snakeyaml\1.27\snakeyaml-1.27.jar;C:\Users\souleymane.mbaye\.m2\repository\org\springframework\boot\spring-boot-test\2.4.0\spring-boot-test-2.4.0.jar;C:\Users\souleymane.mbaye\.m2\repository\org\springframework\boot\spring-boot-test-autoconfigure\2.4.0\spring-boot-test-autoconfigure-2.4.0.jar;C:\Users\souleymane.mbaye\.m2\repository\com\jayway\jsonpath\json-path\2.4.0\json-path-2.4.0.jar;C:\Users\souleymane.mbaye\.m2\repository\net\minidev\json-smart\2.3\json-smart-2.3.jar;C:\Users\souleymane.mbaye\.m2\repository\net\minidev\accessors-smart\1.2\accessors-smart-1.2.jar;C:\Users\souleymane.mbaye\.m2\repository\org\ow2\asm\asm\5.0.4\asm-5.0.4.jar;C:\Users\souleymane.mbaye\.m2\repository\org\slf4j\slf4j-api\1.7.30\slf4j-api-1.7.30.jar;C:\Users\souleymane.mbaye\.m2\repository\jakarta\xml\bind\jakarta.xml.bind-api\2.3.3\jakarta.xml.bind-api-2.3.3.jar;C:\Users\souleymane.mbaye\.m2\repository\jakarta\activation\jakarta.activation-api\1.2.2\jakarta.activation-api-1.2.2.jar;C:\Users\souleymane.mbaye\.m2\repository\org\assertj\assertj-core\3.18.1\assertj-core-3.18.1.jar;C:\Users\souleymane.mbaye\.m2\repository\org\hamcrest\hamcrest\2.2\hamcrest-2.2.jar;C:\Users\souleymane.mbaye\.m2\repository\org\junit\jupiter\junit-jupiter\5.7.0\junit-jupiter-5.7.0.jar;C:\Users\souleymane.mbaye\.m2\repository\org\junit\jupiter\junit-jupiter-api\5.7.0\junit-jupiter-api-5.7.0.jar;C:\Users\souleymane.mbaye\.m2\repository\org\apiguardian\apiguardian-api\1.1.0\apiguardian-api-1.1.0.jar;C:\Users\souleymane.mbaye\.m2\repository\org\opentest4j\opentest4j\1.2.0\opentest4j-1.2.0.jar;C:\Users\souleymane.mbaye\.m2\repository\org\junit\platform\junit-platform-commons\1.7.0\junit-platform-commons-1.7.0.jar;C:\Users\souleymane.mbaye\.m2\repository\org\junit\jupiter\junit-jupiter-params\5.7.0\junit-jupiter-params-5.7.0.jar;C:\Users\souleymane.mbaye\.m2\repository\org\junit\jupiter\junit-jupiter-engine\5.7.0\junit-jupiter-engine-5.7.0.jar;C:\Users\souleymane.mbaye\.m2\repository\org\junit\platform\junit-platform-engine\1.7.0\junit-platform-engine-1.7.0.jar;C:\Users\souleymane.mbaye\.m2\repository\org\mockito\mockito-core\3.6.0\mockito-core-3.6.0.jar;C:\Users\souleymane.mbaye\.m2\repository\net\bytebuddy\byte-buddy\1.10.18\byte-buddy-1.10.18.jar;C:\Users\souleymane.mbaye\.m2\repository\net\bytebuddy\byte-buddy-agent\1.10.18\byte-buddy-agent-1.10.18.jar;C:\Users\souleymane.mbaye\.m2\repository\org\objenesis\objenesis\3.1\objenesis-3.1.jar;C:\Users\souleymane.mbaye\.m2\repository\org\mockito\mockito-junit-jupiter\3.6.0\mockito-junit-jupiter-3.6.0.jar;C:\Users\souleymane.mbaye\.m2\repository\org\skyscreamer\jsonassert\1.5.0\jsonassert-1.5.0.jar;C:\Users\souleymane.mbaye\.m2\repository\com\vaadin\external\google\android-json\0.0.20131108.vaadin1\android-json-0.0.20131108.vaadin1.jar;C:\Users\souleymane.mbaye\.m2\repository\org\springframework\spring-core\5.3.1\spring-core-5.3.1.jar;C:\Users\souleymane.mbaye\.m2\repository\org\springframework\spring-jcl\5.3.1\spring-jcl-5.3.1.jar;C:\Users\souleymane.mbaye\.m2\repository\org\springframework\spring-test\5.3.1\spring-test-5.3.1.jar;C:\Users\souleymane.mbaye\.m2\repository\org\xmlunit\xmlunit-core\2.7.0\xmlunit-core-2.7.0.jar;C:\Users\souleymane.mbaye\.m2\repository\org\springframework\restdocs\spring-restdocs-webtestclient\2.0.5.RELEASE\spring-restdocs-webtestclient-2.0.5.RELEASE.jar;C:\Users\souleymane.mbaye\.m2\repository\org\springframework\spring-webflux\5.3.1\spring-webflux-5.3.1.jar;C:\Users\souleymane.mbaye\.m2\repository\org\springframework\spring-beans\5.3.1\spring-beans-5.3.1.jar;C:\Users\souleymane.mbaye\.m2\repository\io\projectreactor\reactor-core\3.4.0\reactor-core-3.4.0.jar;C:\Users\souleymane.mbaye\.m2\repository\org\reactivestreams\reactive-streams\1.0.3\reactive-streams-1.0.3.jar;C:\Users\souleymane.mbaye\.m2\repository\org\springframework\restdocs\spring-restdocs-core\2.0.5.RELEASE\spring-restdocs-core-2.0.5.RELEASE.jar;C:\Users\souleymane.mbaye\.m2\repository\junit\junit\4.13.1\junit-4.13.1.jar;C:\Users\souleymane.mbaye\.m2\repository\org\hamcrest\hamcrest-core\2.2\hamcrest-core-2.2.jar;"/>
    <property name="sun.cpu.endian" value="little"/>
    <property name="user.home" value="C:\Users\souleymane.mbaye"/>
    <property name="user.language" value="fr"/>
    <property name="java.specification.vendor" value="Oracle Corporation"/>
    <property name="java.version.date" value="2019-10-15"/>
    <property name="java.home" value="C:\Program Files\Java\jdk-13.0.1"/>
    <property name="file.separator" value="\"/>
    <property name="basedir" value="C:\Users\souleymane.mbaye\Documents\DEV\PROJETS\MINE\TEST\toukiApi"/>
    <property name="java.vm.compressedOopsMode" value="Zero based"/>
    <property name="line.separator" value="&#10;"/>
    <property name="java.vm.specification.vendor" value="Oracle Corporation"/>
    <property name="java.specification.name" value="Java Platform API Specification"/>
    <property name="surefire.real.class.path" value="C:\Users\SOULEY~1.MBA\AppData\Local\Temp\surefire11180295018569678178\surefirebooter7141851534065594692.jar"/>
    <property name="user.script" value=""/>
    <property name="sun.management.compiler" value="HotSpot 64-Bit Tiered Compilers"/>
    <property name="java.runtime.version" value="13.0.1+9"/>
    <property name="user.name" value="souleymane.mbaye"/>
    <property name="path.separator" value=";"/>
    <property name="os.version" value="10.0"/>
    <property name="java.runtime.name" value="Java(TM) SE Runtime Environment"/>
    <property name="file.encoding" value="Cp1252"/>
    <property name="java.vm.name" value="Java HotSpot(TM) 64-Bit Server VM"/>
    <property name="localRepository" value="C:\Users\souleymane.mbaye\.m2\repository"/>
    <property name="java.vendor.url.bug" value="https://bugreport.java.com/bugreport/"/>
    <property name="java.io.tmpdir" value="C:\Users\SOULEY~1.MBA\AppData\Local\Temp\"/>
    <property name="java.version" value="13.0.1"/>
    <property name="user.dir" value="C:\Users\souleymane.mbaye\Documents\DEV\PROJETS\MINE\TEST\toukiApi"/>
    <property name="os.arch" value="amd64"/>
    <property name="java.vm.specification.name" value="Java Virtual Machine Specification"/>
    <property name="idea.version2019.3.1" value="true"/>
    <property name="sun.os.patch.level" value=""/>
    <property name="java.library.path" value="C:\Program Files\Java\jdk-13.0.1\bin;C:\WINDOWS\Sun\Java\bin;C:\WINDOWS\system32;C:\WINDOWS;C:\Program Files (x86)\Common Files\Oracle\Java\javapath;C:\Python27\;C:\Python27\Scripts;C:\WINDOWS\system32;C:\WINDOWS;C:\WINDOWS\System32\Wbem;C:\WINDOWS\System32\WindowsPowerShell\v1.0\;C:\WINDOWS\System32\OpenSSH\;C:\Program Files\Microsoft\Web Platform Installer\;C:\Program Files (x86)\Microsoft ASP.NET\ASP.NET Web Pages\v1.0\;C:\Program Files\Microsoft SQL Server\110\Tools\Binn\;C:\ProgramData\chocolatey\bin;C:\Program Files\nodejs;C:\ProgramData\ComposerSetup\bin;C:\wamp64\bin\php\php7.3.12;C:\Users\souleymane.mbaye\Documents\DEV\TOOLS\flutter\bin;C:\Program Files\Docker\Docker\resources\bin;C:\ProgramData\DockerDesktop\version-bin;C:\Program Files\nodejs\;C:\Program Files\PuTTY\;C:\Program Files\Git\cmd;C:\Ruby26-x64\bin;C:\Users\souleymane.mbaye\AppData\Local\Microsoft\WindowsApps;C:\Program Files\JetBrains\PhpStorm 2019.3\bin;;C:\Program Files\JetBrains\IntelliJ IDEA 2019.3.1\bin;;C:\Program Files\JetBrains\PyCharm 2019.3\bin;;C:\Program Files\JetBrains\WebStorm 2019.3.1\bin;;C:\Users\souleymane.mbaye\Documents\DEV\TOOLS\apache-maven-3.6.3\bin;C:\Program Files\JetBrains\CLion 2019.3.2\bin;;C:\Users\souleymane.mbaye\AppData\Roaming\Composer\vendor\bin;C:\Users\souleymane.mbaye\AppData\Local\Programs\Microsoft VS Code\bin;C:\Users\souleymane.mbaye\AppData\Roaming\npm;C:\Program Files\JetBrains\DataGrip 2020.2.3\bin;;."/>
    <property name="java.vm.info" value="mixed mode, sharing"/>
    <property name="java.vendor" value="Oracle Corporation"/>
    <property name="java.vm.version" value="13.0.1+9"/>
    <property name="sun.io.unicode.encoding" value="UnicodeLittle"/>
    <property name="java.class.version" value="57.0"/>
  </properties>
  <testcase name="testInitSearchFlight" classname="org.jmg.toukiapi.testingrestdocs.ObryanSoftwareTest" time="3.574"/>
  <testcase name="testGetPrices" classname="org.jmg.toukiapi.testingrestdocs.ObryanSoftwareTest" time="0.669"/>
</testsuite>